# Logfile created on 2016-02-09 10:36:28 +0900 by logger.rb/44203
D, [2016-02-09T10:36:28.779426 #6636] DEBUG -- : ["run command [SET_VARIABLE]"]
D, [2016-02-09T10:36:28.779426 #6636] DEBUG -- : ["run command [OPEN]"]
D, [2016-02-09T10:36:28.787426 #6636] DEBUG -- : ["stream_coonected: TCPクライアント"]
D, [2016-02-09T10:36:28.788426 #6636] DEBUG -- : ["StreamTCPClient: ensure"]
D, [2016-02-09T10:36:28.788426 #6636] DEBUG -- : ["run command [SET_VARIABLE]"]
D, [2016-02-09T10:36:28.788426 #6636] DEBUG -- : ["run command [SEND]"]
D, [2016-02-09T10:36:28.788426 #6636] DEBUG -- : ["command send: name=\"command_entity\", message=\"010100020000000334\""]
D, [2016-02-09T10:36:28.789427 #6636] DEBUG -- : ["run command [RECEIVE]"]
D, [2016-02-09T10:36:28.808428 #6636] DEBUG -- : ["StreamTCPClient#receive: \x81\xFF\xFF\xFF\xFF\xFF\xFF\xFFZ"]
D, [2016-02-09T10:36:28.808428 #6636] DEBUG -- : ["receive: name=\"response_format\", message=\"81FFFFFFFFFFFFFF5A\""]
D, [2016-02-09T10:36:28.809428 #6636] DEBUG -- : ["command receive: expected message. name=\"response_format\""]
D, [2016-02-09T10:36:28.809428 #6636] DEBUG -- : ["run command [CLOSE]"]
D, [2016-02-09T10:36:28.819428 #6636] DEBUG -- : ["StreamTCPClient#receive: ensure"]
D, [2016-02-09T10:36:28.819428 #6636] DEBUG -- : ["run command [AUTOPILOT_START]"]
D, [2016-02-09T10:36:28.819428 #6636] DEBUG -- : ["run command [OPEN]"]
D, [2016-02-09T10:36:28.820428 #6636] DEBUG -- : ["stream_coonected: TCPクライアント"]
D, [2016-02-09T10:36:28.820428 #6636] DEBUG -- : ["StreamTCPClient: ensure"]
D, [2016-02-09T10:36:28.820428 #6636] DEBUG -- : ["run command [WAIT]"]
D, [2016-02-09T10:36:29.819485 #6636] DEBUG -- : ["interval send: name=\"command_entity\", message=\"010100020000000334\""]
D, [2016-02-09T10:36:29.840487 #6636] DEBUG -- : ["StreamTCPClient#receive: \x81\xFF\xFF\xFF\xFF\xFF\xFF\xFFZ"]
D, [2016-02-09T10:36:29.840487 #6636] DEBUG -- : ["receive: name=\"response_format\", message=\"81FFFFFFFFFFFFFF5A\""]
D, [2016-02-09T10:36:34.820772 #6636] DEBUG -- : ["interval send: name=\"command_entity\", message=\"010100020000000334\""]
D, [2016-02-09T10:36:34.835772 #6636] DEBUG -- : ["StreamTCPClient#receive: \x81\xFF\xFF\xFF\xFF\xFF\xFF\xFFZ"]
D, [2016-02-09T10:36:34.835772 #6636] DEBUG -- : ["receive: name=\"response_format\", message=\"81FFFFFFFFFFFFFF5A\""]
D, [2016-02-09T10:36:39.822058 #6636] DEBUG -- : ["interval send: name=\"command_entity\", message=\"010100020000000334\""]
D, [2016-02-09T10:36:39.836058 #6636] DEBUG -- : ["StreamTCPClient#receive: \x81\xFF\xFF\xFF\xFF\xFF\xFF\xFFZ"]
D, [2016-02-09T10:36:39.836058 #6636] DEBUG -- : ["receive: name=\"response_format\", message=\"81FFFFFFFFFFFFFF5A\""]
D, [2016-02-09T10:36:44.823344 #6636] DEBUG -- : ["interval send: name=\"command_entity\", message=\"010100020000000334\""]
D, [2016-02-09T10:36:44.836344 #6636] DEBUG -- : ["StreamTCPClient#receive: \x81\xFF\xFF\xFF\xFF\xFF\xFF\xFFZ"]
D, [2016-02-09T10:36:44.836344 #6636] DEBUG -- : ["receive: name=\"response_format\", message=\"81FFFFFFFFFFFFFF5A\""]
D, [2016-02-09T10:36:48.821572 #6636] DEBUG -- : ["run command [CLOSE]"]
D, [2016-02-09T10:36:48.826573 #6636] DEBUG -- : ["StreamTCPClient#receive: ensure"]
D, [2016-02-09T10:36:48.826573 #6636] DEBUG -- : ["run command [AUTOPILOT_END]"]
