# Logfile created on 2016-02-19 11:58:41 +0900 by logger.rb/44203
D, [2016-02-19T11:58:42.483499 #4384] DEBUG -- : ["StreamTCPServer#open: ensure"]
D, [2016-02-19T11:58:42.483499 #4384] DEBUG -- : ["run command [AUTOPILOT_START]"]
D, [2016-02-19T11:58:42.483499 #4384] DEBUG -- : ["run command [OPEN]"]
D, [2016-02-19T11:58:43.156538 #4384] DEBUG -- : ["StreamTCPServer: clinet connected!!"]
D, [2016-02-19T11:58:43.156538 #4384] DEBUG -- : ["stream_coonected: TCPサーバ"]
D, [2016-02-19T11:58:43.156538 #4384] DEBUG -- : ["StreamTCPServer: receive: \u0001\u0001\u0000\u0002\u0000\u0000\u0000\u00034"]
D, [2016-02-19T11:58:43.157538 #4384] DEBUG -- : ["StreamDataRunner#analyze_completed receive: format=\"command_format\", message=\"010100020000000334\""]
D, [2016-02-19T11:58:43.157538 #4384] DEBUG -- : ["[AutoResponse] receive: format=\"command_format\""]
D, [2016-02-19T11:58:43.158538 #4384] DEBUG -- : ["[AutoResponse] send: name=\"response_entity\", message=\"81FFFFFFFFFFFFFF5A\""]
D, [2016-02-19T11:58:43.177539 #4384] DEBUG -- : ["StreamTCPServer: receive: \u0001\u0002\u0000\u0002\u0000\u0000\u0000\u00034"]
D, [2016-02-19T11:58:43.177539 #4384] DEBUG -- : ["StreamDataRunner#analyze_completed receive: format=\"command_format\", message=\"010200020000000334\""]
D, [2016-02-19T11:58:43.177539 #4384] DEBUG -- : ["[AutoResponse] receive: format=\"command_format\""]
D, [2016-02-19T11:58:43.178539 #4384] DEBUG -- : ["[AutoResponse] send: name=\"response_entity\", message=\"81FFFFFFFFFFFFFF5A\""]
D, [2016-02-19T11:58:43.207541 #4384] DEBUG -- : ["StreamTCPServer: client disconnect"]
D, [2016-02-19T11:58:43.207541 #4384] DEBUG -- : ["stream_discoonected: TCPサーバ"]
D, [2016-02-19T11:58:43.207541 #4384] DEBUG -- : ["StreamTCPServer: clinet connected!!"]
D, [2016-02-19T11:58:43.207541 #4384] DEBUG -- : ["stream_coonected: TCPサーバ"]
D, [2016-02-19T11:58:43.486557 #4384] DEBUG -- : ["StreamTCPServer#open: ensure"]
D, [2016-02-19T11:58:43.487557 #4384] DEBUG -- : ["run command [WAIT]"]
D, [2016-02-19T11:58:44.207598 #4384] DEBUG -- : ["StreamTCPServer: receive: \u0001\u0001\u0000\u0002\u0000\u0000\u0000\u00034"]
D, [2016-02-19T11:58:44.207598 #4384] DEBUG -- : ["StreamDataRunner#analyze_completed receive: format=\"command_format\", message=\"010100020000000334\""]
D, [2016-02-19T11:58:44.207598 #4384] DEBUG -- : ["[AutoResponse] receive: format=\"command_format\""]
D, [2016-02-19T11:58:44.208598 #4384] DEBUG -- : ["[AutoResponse] send: name=\"response_entity\", message=\"81FFFFFFFFFFFFFF5A\""]
D, [2016-02-19T11:58:49.207884 #4384] DEBUG -- : ["StreamTCPServer: receive: \u0001\u0001\u0000\u0002\u0000\u0000\u0000\u00034"]
D, [2016-02-19T11:58:49.207884 #4384] DEBUG -- : ["StreamDataRunner#analyze_completed receive: format=\"command_format\", message=\"010100020000000334\""]
D, [2016-02-19T11:58:49.207884 #4384] DEBUG -- : ["[AutoResponse] receive: format=\"command_format\""]
D, [2016-02-19T11:58:49.208884 #4384] DEBUG -- : ["[AutoResponse] send: name=\"response_entity\", message=\"81FFFFFFFFFFFFFF5A\""]
D, [2016-02-19T11:58:54.208170 #4384] DEBUG -- : ["StreamTCPServer: receive: \u0001\u0001\u0000\u0002\u0000\u0000\u0000\u00034"]
D, [2016-02-19T11:58:54.208170 #4384] DEBUG -- : ["StreamDataRunner#analyze_completed receive: format=\"command_format\", message=\"010100020000000334\""]
D, [2016-02-19T11:58:54.208170 #4384] DEBUG -- : ["[AutoResponse] receive: format=\"command_format\""]
D, [2016-02-19T11:58:54.209170 #4384] DEBUG -- : ["[AutoResponse] send: name=\"response_entity\", message=\"81FFFFFFFFFFFFFF5A\""]
D, [2016-02-19T11:58:59.208456 #4384] DEBUG -- : ["StreamTCPServer: receive: \u0001\u0001\u0000\u0002\u0000\u0000\u0000\u00034"]
D, [2016-02-19T11:58:59.208456 #4384] DEBUG -- : ["StreamDataRunner#analyze_completed receive: format=\"command_format\", message=\"010100020000000334\""]
D, [2016-02-19T11:58:59.208456 #4384] DEBUG -- : ["[AutoResponse] receive: format=\"command_format\""]
D, [2016-02-19T11:58:59.209456 #4384] DEBUG -- : ["[AutoResponse] send: name=\"response_entity\", message=\"81FFFFFFFFFFFFFF5A\""]
D, [2016-02-19T11:59:03.218685 #4384] DEBUG -- : ["StreamTCPServer: client disconnect"]
D, [2016-02-19T11:59:03.218685 #4384] DEBUG -- : ["stream_discoonected: TCPサーバ"]
D, [2016-02-19T11:59:13.488273 #4384] DEBUG -- : ["run command [CLOSE]"]
D, [2016-02-19T11:59:13.489273 #4384] DEBUG -- : ["StreamTCPServer#receive: ensure"]
D, [2016-02-19T11:59:13.489273 #4384] DEBUG -- : ["run command [AUTOPILOT_END]"]
D, [2016-02-19T11:59:13.489273 #4384] DEBUG -- : ["Scenario SUCCESS."]
D, [2016-02-19T11:59:13.496273 #4384] DEBUG -- : ["StreamTCPServer#receive: ensure"]
